#
# There is insufficient memory for the Java Runtime Environment to continue.
# Native memory allocation (mmap) failed to map 262144000 bytes for G1 virtual space
# Possible reasons:
#   The system is out of physical RAM or swap space
#   The process is running with CompressedOops enabled, and the Java Heap may be blocking the growth of the native heap
# Possible solutions:
#   Reduce memory load on the system
#   Increase physical memory or swap space
#   Check if swap backing store is full
#   Decrease Java heap size (-Xmx/-Xms)
#   Decrease number of Java threads
#   Decrease Java thread stack sizes (-Xss)
#   Set larger code cache with -XX:ReservedCodeCacheSize=
#   JVM is running with Zero Based Compressed Oops mode in which the Java heap is
#     placed in the first 32GB address space. The Java Heap base address is the
#     maximum limit for the native heap growth. Please use -XX:HeapBaseMinAddress
#     to set the Java Heap base and to place the Java Heap above 32GB virtual address.
# This output file may be truncated or incomplete.
#
#  Out of Memory Error (os_windows.cpp:3825), pid=24748, tid=28784
#
# JRE version:  (17.0.10+8) (build )
# Java VM: OpenJDK 64-Bit Server VM (17.0.10+8-b1207.12, mixed mode, sharing, tiered, compressed oops, compressed class ptrs, g1 gc, windows-amd64)
# No core dump will be written. Minidumps are not enabled by default on client versions of Windows
#

---------------  S U M M A R Y ------------

Command Line: git4idea.http.GitAskPassApp Username for 'https://github.com': 

Host: Intel(R) Core(TM) i7-10850H CPU @ 2.70GHz, 12 cores, 15G,  Windows 11 , 64 bit Build 22621 (10.0.22621.3374)
Time: Fri May  3 14:20:53 2024 Central Europe Daylight Time elapsed time: 0.011297 seconds (0d 0h 0m 0s)

---------------  T H R E A D  ---------------

Current thread (0x000001832e1fe6c0):  JavaThread "Unknown thread" [_thread_in_vm, id=28784, stack(0x000000351e100000,0x000000351e200000)]

Stack: [0x000000351e100000,0x000000351e200000]
Native frames: (J=compiled Java code, j=interpreted, Vv=VM code, C=native code)
V  [jvm.dll+0x687989]
V  [jvm.dll+0x84116a]
V  [jvm.dll+0x842dae]
V  [jvm.dll+0x843413]
V  [jvm.dll+0x249ccf]
V  [jvm.dll+0x684759]
V  [jvm.dll+0x67900a]
V  [jvm.dll+0x30ab0b]
V  [jvm.dll+0x311fb6]
V  [jvm.dll+0x361d5e]
V  [jvm.dll+0x361f8f]
V  [jvm.dll+0x2e07f8]
V  [jvm.dll+0x2e1764]
V  [jvm.dll+0x811c31]
V  [jvm.dll+0x36fc11]
V  [jvm.dll+0x7f0666]
V  [jvm.dll+0x3f3daf]
V  [jvm.dll+0x3f5a41]
C  [jli.dll+0x528f]
C  [ucrtbase.dll+0x29333]
C  [KERNEL32.DLL+0x1257d]
C  [ntdll.dll+0x5aa48]


---------------  P R O C E S S  ---------------

Threads class SMR info:
_java_thread_list=0x00007ff9b76bdf58, length=0, elements={
}

Java Threads: ( => current thread )

Other Threads:
  0x000001832e267080 GCTaskThread "GC Thread#0" [stack: 0x000000351e200000,0x000000351e300000] [id=1264]
  0x000001832e2779a0 ConcurrentGCThread "G1 Main Marker" [stack: 0x000000351e300000,0x000000351e400000] [id=34132]
  0x000001832e278b60 ConcurrentGCThread "G1 Conc#0" [stack: 0x000000351e400000,0x000000351e500000] [id=26888]

[error occurred during error reporting (printing all threads), id 0xc0000005, EXCEPTION_ACCESS_VIOLATION (0xc0000005) at pc=0x00007ff9b6e713c7]

VM state: not at safepoint (not fully initialized)

VM Mutex/Monitor currently owned by a thread:  ([mutex/lock_event])
[0x000001832e1fd330] Heap_lock - owner thread: 0x000001832e1fe6c0

Heap address: 0x0000000706200000, size: 3998 MB, Compressed Oops mode: Zero based, Oop shift amount: 3

CDS archive(s) mapped at: [0x0000000000000000-0x0000000000000000-0x0000000000000000), size 0, SharedBaseAddress: 0x0000000800000000, ArchiveRelocationMode: 1.
Narrow klass base: 0x0000000000000000, Narrow klass shift: 0, Narrow klass range: 0x0

GC Precious Log:
<Empty>

Heap:
 garbage-first heap   total 0K, used 0K [0x0000000706200000, 0x0000000800000000)
  region size 2048K, 0 young (0K), 0 survivors (0K)
 Metaspace       used 0K, committed 0K, reserved 0K
  class space    used 0K, committed 0K, reserved 0K

Heap Regions: E=young(eden), S=young(survivor), O=old, HS=humongous(starts), HC=humongous(continues), CS=collection set, F=free, OA=open archive, CA=closed archive, TAMS=top-at-mark-start (previous, next)

Card table byte_map: [0x0000018343590000,0x0000018343d60000] _byte_map_base: 0x000001833fd5f000

Marking Bits (Prev, Next): (CMBitMap*) 0x000001832e2676a0, (CMBitMap*) 0x000001832e2676e0
 Prev Bits: [0x0000018344530000, 0x00000183483a8000)
 Next Bits: [0x00000183483b0000, 0x000001834c228000)

GC Heap History (0 events):
No events

Dll operation events (1 events):
Event: 0.006 Loaded shared library C:\Program Files\JetBrains\PhpStorm 2024.1\jbr\bin\java.dll

Deoptimization events (0 events):
No events

Classes unloaded (0 events):
No events

Classes redefined (0 events):
No events

Internal exceptions (0 events):
No events

VM Operations (0 events):
No events

Events (0 events):
No events


Dynamic libraries:
0x00007ff7ff350000 - 0x00007ff7ff35a000 	C:\Program Files\JetBrains\PhpStorm 2024.1\jbr\bin\java.exe
0x00007ffa18f30000 - 0x00007ffa19146000 	C:\WINDOWS\SYSTEM32\ntdll.dll
0x00007ffa17620000 - 0x00007ffa176e4000 	C:\WINDOWS\System32\KERNEL32.DLL
0x00007ffa16350000 - 0x00007ffa166f7000 	C:\WINDOWS\System32\KERNELBASE.dll
0x00007ffa169a0000 - 0x00007ffa16ab1000 	C:\WINDOWS\System32\ucrtbase.dll
0x00007ffa03500000 - 0x00007ffa03517000 	C:\Program Files\JetBrains\PhpStorm 2024.1\jbr\bin\jli.dll
0x00007ff9e6890000 - 0x00007ff9e68ab000 	C:\Program Files\JetBrains\PhpStorm 2024.1\jbr\bin\VCRUNTIME140.dll
0x00007ffa17360000 - 0x00007ffa1750e000 	C:\WINDOWS\System32\USER32.dll
0x00007ffa16280000 - 0x00007ffa162a6000 	C:\WINDOWS\System32\win32u.dll
0x00007ff9f9020000 - 0x00007ff9f92b3000 	C:\WINDOWS\WinSxS\amd64_microsoft.windows.common-controls_6595b64144ccf1df_6.0.22621.3235_none_270f74e173860f98\COMCTL32.dll
0x00007ffa18ae0000 - 0x00007ffa18b09000 	C:\WINDOWS\System32\GDI32.dll
0x00007ffa170f0000 - 0x00007ffa17197000 	C:\WINDOWS\System32\msvcrt.dll
0x00007ffa16ac0000 - 0x00007ffa16bd9000 	C:\WINDOWS\System32\gdi32full.dll
0x00007ffa162b0000 - 0x00007ffa1634a000 	C:\WINDOWS\System32\msvcp_win.dll
0x00007ffa170b0000 - 0x00007ffa170e1000 	C:\WINDOWS\System32\IMM32.DLL
0x00007ffa06b90000 - 0x00007ffa06b9c000 	C:\Program Files\JetBrains\PhpStorm 2024.1\jbr\bin\vcruntime140_1.dll
0x00007ff9d24f0000 - 0x00007ff9d257d000 	C:\Program Files\JetBrains\PhpStorm 2024.1\jbr\bin\msvcp140.dll
0x00007ff9b6b80000 - 0x00007ff9b7802000 	C:\Program Files\JetBrains\PhpStorm 2024.1\jbr\bin\server\jvm.dll
0x00007ffa18de0000 - 0x00007ffa18e92000 	C:\WINDOWS\System32\ADVAPI32.dll
0x00007ffa18b10000 - 0x00007ffa18bb8000 	C:\WINDOWS\System32\sechost.dll
0x00007ffa16250000 - 0x00007ffa16278000 	C:\WINDOWS\System32\bcrypt.dll
0x00007ffa16e20000 - 0x00007ffa16f35000 	C:\WINDOWS\System32\RPCRT4.dll
0x00007ff9f9730000 - 0x00007ff9f9739000 	C:\WINDOWS\SYSTEM32\WSOCK32.dll
0x00007ffa08850000 - 0x00007ffa08884000 	C:\WINDOWS\SYSTEM32\WINMM.dll
0x00007ffa15a20000 - 0x00007ffa15a6d000 	C:\WINDOWS\SYSTEM32\POWRPROF.dll
0x00007ffa16d10000 - 0x00007ffa16d81000 	C:\WINDOWS\System32\WS2_32.dll
0x00007ffa14d50000 - 0x00007ffa14d5a000 	C:\WINDOWS\SYSTEM32\VERSION.dll
0x00007ffa15a00000 - 0x00007ffa15a13000 	C:\WINDOWS\SYSTEM32\UMPDC.dll
0x00007ffa15100000 - 0x00007ffa15118000 	C:\WINDOWS\SYSTEM32\kernel.appcore.dll
0x00007ffa09fc0000 - 0x00007ffa09fca000 	C:\Program Files\JetBrains\PhpStorm 2024.1\jbr\bin\jimage.dll
0x00007ffa134f0000 - 0x00007ffa13723000 	C:\WINDOWS\SYSTEM32\DBGHELP.DLL
0x00007ffa18470000 - 0x00007ffa187f8000 	C:\WINDOWS\System32\combase.dll
0x00007ffa17540000 - 0x00007ffa17617000 	C:\WINDOWS\System32\OLEAUT32.dll
0x00007ffa03110000 - 0x00007ffa03142000 	C:\WINDOWS\SYSTEM32\dbgcore.DLL
0x00007ffa16be0000 - 0x00007ffa16c59000 	C:\WINDOWS\System32\bcryptPrimitives.dll
0x00007ffa06f30000 - 0x00007ffa06f55000 	C:\Program Files\JetBrains\PhpStorm 2024.1\jbr\bin\java.dll

dbghelp: loaded successfully - version: 4.0.5 - missing functions: none
symbol engine: initialized successfully - sym options: 0x614 - pdb path: .;C:\Program Files\JetBrains\PhpStorm 2024.1\jbr\bin;C:\WINDOWS\SYSTEM32;C:\WINDOWS\WinSxS\amd64_microsoft.windows.common-controls_6595b64144ccf1df_6.0.22621.3235_none_270f74e173860f98;C:\Program Files\JetBrains\PhpStorm 2024.1\jbr\bin\server

VM Arguments:
java_command: git4idea.http.GitAskPassApp Username for 'https://github.com': 
java_class_path (initial): C:/Program Files/JetBrains/PhpStorm 2024.1/plugins/vcs-git/lib/git4idea-rt.jar;C:/Program Files/JetBrains/PhpStorm 2024.1/lib/externalProcess-rt.jar
Launcher Type: SUN_STANDARD

[Global flags]
     intx CICompilerCount                          = 4                                         {product} {ergonomic}
     uint ConcGCThreads                            = 3                                         {product} {ergonomic}
     uint G1ConcRefinementThreads                  = 10                                        {product} {ergonomic}
   size_t G1HeapRegionSize                         = 2097152                                   {product} {ergonomic}
    uintx GCDrainStackTargetSize                   = 64                                        {product} {ergonomic}
   size_t InitialHeapSize                          = 262144000                                 {product} {ergonomic}
   size_t MarkStackSize                            = 4194304                                   {product} {ergonomic}
   size_t MaxHeapSize                              = 4192206848                                {product} {ergonomic}
   size_t MinHeapDeltaBytes                        = 2097152                                   {product} {ergonomic}
   size_t MinHeapSize                              = 8388608                                   {product} {ergonomic}
    uintx NonNMethodCodeHeapSize                   = 5839372                                {pd product} {ergonomic}
    uintx NonProfiledCodeHeapSize                  = 122909434                              {pd product} {ergonomic}
    uintx ProfiledCodeHeapSize                     = 122909434                              {pd product} {ergonomic}
    uintx ReservedCodeCacheSize                    = 251658240                              {pd product} {ergonomic}
     bool SegmentedCodeCache                       = true                                      {product} {ergonomic}
   size_t SoftMaxHeapSize                          = 4192206848                             {manageable} {ergonomic}
     bool UseCompressedClassPointers               = true                           {product lp64_product} {ergonomic}
     bool UseCompressedOops                        = true                           {product lp64_product} {ergonomic}
     bool UseG1GC                                  = true                                      {product} {ergonomic}
     bool UseLargePagesIndividualAllocation        = false                                  {pd product} {ergonomic}

Logging:
Log output configuration:
 #0: stdout all=warning uptime,level,tags
 #1: stderr all=off uptime,level,tags

Environment Variables:
PATH=C:/Program Files/Git/mingw64/libexec/git-core;C:/Program Files/Git/mingw64/libexec/git-core;C:\Program Files\Git\mingw64\bin;C:\Program Files\Git\usr\bin;C:\Users\Ana.Mitrevska\bin;C:\Program Files (x86)\Common Files\ISIS\isiscomm\w3\lib;C:\WINDOWS\system32;C:\WINDOWS;C:\WINDOWS\System32\Wbem;C:\WINDOWS\System32\WindowsPowerShell\v1.0\;C:\WINDOWS\System32\OpenSSH\;C:\Program Files (x86)\dotnet\;C:\Program Files\dotnet\;C:\Program Files\Git\cmd;C:\php;C:\Program Files\nodejs\;C:\Users\Ana.Mitrevska\AppData\Local\Microsoft\WindowsApps;C:\Users\Ana.Mitrevska\AppData\Roaming\npm
USERNAME=Ana.Mitrevska
DISPLAY=:0.0
LC_ALL=en_US.UTF-8
TERM=xterm-256color
TMPDIR=C:\Users\ANA~1.MIT\AppData\Local\Temp
OS=Windows_NT
PROCESSOR_IDENTIFIER=Intel64 Family 6 Model 165 Stepping 2, GenuineIntel
TMP=C:\Users\ANA~1.MIT\AppData\Local\Temp
TEMP=C:\Users\ANA~1.MIT\AppData\Local\Temp



Periodic native trim disabled

JNI global refs:
JNI global refs: 0, weak refs: 0

JNI global refs memory usage: 0, weak refs: 0

OOME stack traces (most recent first):
Classloader memory used:


---------------  S Y S T E M  ---------------

OS:
 Windows 11 , 64 bit Build 22621 (10.0.22621.3374)
OS uptime: 15 days 5:54 hours
Hyper-V role detected

CPU: total 12 (initial active 12) (6 cores per cpu, 2 threads per core) family 6 model 165 stepping 2 microcode 0xea, cx8, cmov, fxsr, ht, mmx, 3dnowpref, sse, sse2, sse3, ssse3, sse4.1, sse4.2, popcnt, lzcnt, tsc, tscinvbit, avx, avx2, aes, erms, clmul, bmi1, bmi2, adx, fma, vzeroupper, clflush, clflushopt, hv
Processor Information for all 12 processors :
  Max Mhz: 2712, Current Mhz: 2712, Mhz Limit: 2712

Memory: 4k page, system-wide physical 15985M (677M free)
TotalPageFile size 65119M (AvailPageFile size 84M)
current process WorkingSet (physical memory assigned to process): 11M, peak: 11M
current process commit charge ("private bytes"): 64M, peak: 314M

vm_info: OpenJDK 64-Bit Server VM (17.0.10+8-b1207.12) for windows-amd64 JRE (17.0.10+8-b1207.12), built on 2024-03-15 by "builduser" with MS VC++ 16.10 / 16.11 (VS2019)

END.
